<?xml version="1.0" encoding="UTF-8"?>
<testng-results skipped="0" failed="0" ignored="0" total="1" passed="1">
  <reporter-output>
  </reporter-output>
  <suite name="Default suite" duration-ms="17595" started-at="2022-02-22T18:20:40 EST" finished-at="2022-02-22T18:20:58 EST">
    <groups>
    </groups>
    <test name="Default test" duration-ms="17595" started-at="2022-02-22T18:20:40 EST" finished-at="2022-02-22T18:20:58 EST">
      <class name="com.actitime.testcase.CreateCustomer">
        <test-method status="PASS" signature="setReport()[pri:0, instance:com.actitime.testcase.CreateCustomer@43a0cee9]" name="setReport" is-config="true" duration-ms="146" started-at="2022-02-22T18:20:40 EST" finished-at="2022-02-22T18:20:40 EST">
          <reporter-output>
          </reporter-output>
        </test-method> <!-- setReport -->
        <test-method status="PASS" signature="setUp()[pri:0, instance:com.actitime.testcase.CreateCustomer@43a0cee9]" name="setUp" is-config="true" duration-ms="5891" started-at="2022-02-22T18:20:40 EST" finished-at="2022-02-22T18:20:46 EST">
          <reporter-output>
          </reporter-output>
        </test-method> <!-- setUp -->
        <test-method status="PASS" signature="testCreateCustomer()[pri:0, instance:com.actitime.testcase.CreateCustomer@43a0cee9]" name="testCreateCustomer" duration-ms="10247" started-at="2022-02-22T18:20:46 EST" finished-at="2022-02-22T18:20:57 EST">
          <reporter-output>
          </reporter-output>
        </test-method> <!-- testCreateCustomer -->
        <test-method status="PASS" signature="tearDown()[pri:0, instance:com.actitime.testcase.CreateCustomer@43a0cee9]" name="tearDown" is-config="true" duration-ms="1263" started-at="2022-02-22T18:20:57 EST" finished-at="2022-02-22T18:20:58 EST">
          <reporter-output>
          </reporter-output>
        </test-method> <!-- tearDown -->
      </class> <!-- com.actitime.testcase.CreateCustomer -->
    </test> <!-- Default test -->
  </suite> <!-- Default suite -->
</testng-results>
